{"synthetic": false,
 "outputs":
 {"o": ["6211748703447366675"],
  "i": "9767219559505308832",
  "c": "13045785774066988342"},
 "log":
 [{"message":
   ".> LEAN_PATH=/Users/swang/Princeton/Courses/cos516/cos516-final-project/Lean/.lake/packages/Cli/.lake/build/lib/lean:/Users/swang/Princeton/Courses/cos516/cos516-final-project/Lean/.lake/packages/batteries/.lake/build/lib/lean:/Users/swang/Princeton/Courses/cos516/cos516-final-project/Lean/.lake/packages/Qq/.lake/build/lib/lean:/Users/swang/Princeton/Courses/cos516/cos516-final-project/Lean/.lake/packages/aesop/.lake/build/lib/lean:/Users/swang/Princeton/Courses/cos516/cos516-final-project/Lean/.lake/packages/proofwidgets/.lake/build/lib/lean:/Users/swang/Princeton/Courses/cos516/cos516-final-project/Lean/.lake/packages/importGraph/.lake/build/lib/lean:/Users/swang/Princeton/Courses/cos516/cos516-final-project/Lean/.lake/packages/LeanSearchClient/.lake/build/lib/lean:/Users/swang/Princeton/Courses/cos516/cos516-final-project/Lean/.lake/packages/plausible/.lake/build/lib/lean:/Users/swang/Princeton/Courses/cos516/cos516-final-project/Lean/.lake/packages/cvc5/.lake/build/lib/lean:/Users/swang/Princeton/Courses/cos516/cos516-final-project/Lean/.lake/packages/mathlib/.lake/build/lib/lean:/Users/swang/Princeton/Courses/cos516/cos516-final-project/Lean/.lake/packages/auto/.lake/build/lib/lean:/Users/swang/Princeton/Courses/cos516/cos516-final-project/Lean/.lake/packages/smt/.lake/build/lib/lean:/Users/swang/Princeton/Courses/cos516/cos516-final-project/Lean/.lake/packages/veil/.lake/build/lib/lean:/Users/swang/Princeton/Courses/cos516/cos516-final-project/Lean/.lake/build/lib/lean /Users/swang/.elan/toolchains/leanprover--lean4---v4.23.0/bin/lean /Users/swang/Princeton/Courses/cos516/cos516-final-project/Lean/VeilProtocols/Ring.lean -o /Users/swang/Princeton/Courses/cos516/cos516-final-project/Lean/.lake/build/lib/lean/VeilProtocols/Ring.olean -i /Users/swang/Princeton/Courses/cos516/cos516-final-project/Lean/.lake/build/lib/lean/VeilProtocols/Ring.ilean -c /Users/swang/Princeton/Courses/cos516/cos516-final-project/Lean/.lake/build/ir/VeilProtocols/Ring.c --setup /Users/swang/Princeton/Courses/cos516/cos516-final-project/Lean/.lake/build/ir/VeilProtocols/Ring.setup.json --json",
   "level": "trace"},
  {"message":
   "VeilProtocols/Ring.lean:50:0: Initialization must establish the invariant:\n  single_leader ... ✅\n  inv_1 ... ✅\n  inv_2 ... ✅\nThe following set of actions must preserve the invariant:\n  send\n    single_leader ... ✅\n    inv_1 ... ✅\n    inv_2 ... ✅\n  recv\n    single_leader ... ✅\n    inv_1 ... ✅\n    inv_2 ... ✅",
   "level": "info"},
  {"message":
   "VeilProtocols/Ring.lean:50:0: Trusting the SMT solver for 9 theorems.",
   "level": "warning"}],
 "inputs":
 [["VeilProtocols.Ring:deps",
   [["deps",
     [["«invariant-search»/VeilProtocols:extraDep",
       [["@«invariant-search»:extraDep", "1723"]]],
      ["imports",
       [["Veil transitive imports (legacy)", "16281931354783904681"],
        ["Veil:importAllArts", "10839920740007350228"]]]]],
    ["libs",
     [["import dynlibs",
       [["/Users/swang/Princeton/Courses/cos516/cos516-final-project/Lean/.lake/packages/auto/.lake/build/lib/libAuto.dylib",
         "743234452361001229"],
        ["/Users/swang/Princeton/Courses/cos516/cos516-final-project/Lean/.lake/packages/veil/.lake/build/lib/libVeil.dylib",
         "6286617719688148988"],
        ["/Users/swang/Princeton/Courses/cos516/cos516-final-project/Lean/.lake/packages/cvc5/.lake/build/lib/libcvc5.dylib",
         "13795661702566004779"]]],
      ["package external libraries", "1723"],
      ["module dynlibs", "1723"],
      ["module plugins", "1723"]]]]],
  ["Lean 4.23.0, commit 50aaf682e9b74ab92880292a25c68baa1cc81c87",
   "5786258275165720599"],
  ["/Users/swang/Princeton/Courses/cos516/cos516-final-project/Lean/VeilProtocols/Ring.lean",
   "827047348666329864"],
  ["options", "1723"],
  ["Module.leanArgs: #[]", "1723"]],
 "depHash": "6933978681350468210"}