{"synthetic": false,
 "outputs":
 {"o": ["17676609321764692419"],
  "i": "5487493157110997851",
  "c": "5688301962085135691"},
 "log":
 [{"message":
   ".> LEAN_PATH=/Users/swang/Princeton/Courses/cos516/cos516-final-project/Lean/.lake/packages/Cli/.lake/build/lib/lean:/Users/swang/Princeton/Courses/cos516/cos516-final-project/Lean/.lake/packages/batteries/.lake/build/lib/lean:/Users/swang/Princeton/Courses/cos516/cos516-final-project/Lean/.lake/packages/Qq/.lake/build/lib/lean:/Users/swang/Princeton/Courses/cos516/cos516-final-project/Lean/.lake/packages/aesop/.lake/build/lib/lean:/Users/swang/Princeton/Courses/cos516/cos516-final-project/Lean/.lake/packages/proofwidgets/.lake/build/lib/lean:/Users/swang/Princeton/Courses/cos516/cos516-final-project/Lean/.lake/packages/importGraph/.lake/build/lib/lean:/Users/swang/Princeton/Courses/cos516/cos516-final-project/Lean/.lake/packages/LeanSearchClient/.lake/build/lib/lean:/Users/swang/Princeton/Courses/cos516/cos516-final-project/Lean/.lake/packages/plausible/.lake/build/lib/lean:/Users/swang/Princeton/Courses/cos516/cos516-final-project/Lean/.lake/packages/cvc5/.lake/build/lib/lean:/Users/swang/Princeton/Courses/cos516/cos516-final-project/Lean/.lake/packages/mathlib/.lake/build/lib/lean:/Users/swang/Princeton/Courses/cos516/cos516-final-project/Lean/.lake/packages/auto/.lake/build/lib/lean:/Users/swang/Princeton/Courses/cos516/cos516-final-project/Lean/.lake/packages/smt/.lake/build/lib/lean:/Users/swang/Princeton/Courses/cos516/cos516-final-project/Lean/.lake/packages/veil/.lake/build/lib/lean:/Users/swang/Princeton/Courses/cos516/cos516-final-project/Lean/.lake/build/lib/lean /Users/swang/.elan/toolchains/leanprover--lean4---v4.23.0/bin/lean /Users/swang/Princeton/Courses/cos516/cos516-final-project/Lean/VeilProtocols/TwoPhaseCommit.lean -o /Users/swang/Princeton/Courses/cos516/cos516-final-project/Lean/.lake/build/lib/lean/VeilProtocols/TwoPhaseCommit.olean -i /Users/swang/Princeton/Courses/cos516/cos516-final-project/Lean/.lake/build/lib/lean/VeilProtocols/TwoPhaseCommit.ilean -c /Users/swang/Princeton/Courses/cos516/cos516-final-project/Lean/.lake/build/ir/VeilProtocols/TwoPhaseCommit.c --setup /Users/swang/Princeton/Courses/cos516/cos516-final-project/Lean/.lake/build/ir/VeilProtocols/TwoPhaseCommit.setup.json --json",
   "level": "trace"},
  {"message":
   "VeilProtocols/TwoPhaseCommit.lean:100:0: Initialization must establish the invariant:\n  inv_0 ... ✅\n  manual_1 ... ✅\n  manual_2 ... ✅\n  manual_3 ... ✅\n  manual_4 ... ✅\n  manual_5 ... ✅\n  manual_6 ... ✅\n  manual_7 ... ✅\n  manual_8 ... ✅\nThe following set of actions must preserve the invariant:\n  vote1\n    inv_0 ... ✅\n    manual_1 ... ✅\n    manual_2 ... ✅\n    manual_3 ... ✅\n    manual_4 ... ✅\n    manual_5 ... ✅\n    manual_6 ... ✅\n    manual_7 ... ✅\n    manual_8 ... ✅\n  vote2\n    inv_0 ... ✅\n    manual_1 ... ✅\n    manual_2 ... ✅\n    manual_3 ... ✅\n    manual_4 ... ✅\n    manual_5 ... ✅\n    manual_6 ... ✅\n    manual_7 ... ✅\n    manual_8 ... ✅\n  fail\n    inv_0 ... ✅\n    manual_1 ... ✅\n    manual_2 ... ✅\n    manual_3 ... ✅\n    manual_4 ... ✅\n    manual_5 ... ✅\n    manual_6 ... ✅\n    manual_7 ... ✅\n    manual_8 ... ✅\n  go1\n    inv_0 ... ✅\n    manual_1 ... ✅\n    manual_2 ... ✅\n    manual_3 ... ✅\n    manual_4 ... ✅\n    manual_5 ... ✅\n    manual_6 ... ✅\n    manual_7 ... ✅\n    manual_8 ... ✅\n  go2\n    inv_0 ... ✅\n    manual_1 ... ✅\n    manual_2 ... ✅\n    manual_3 ... ✅\n    manual_4 ... ✅\n    manual_5 ... ✅\n    manual_6 ... ✅\n    manual_7 ... ✅\n    manual_8 ... ✅\n  commit\n    inv_0 ... ✅\n    manual_1 ... ✅\n    manual_2 ... ✅\n    manual_3 ... ✅\n    manual_4 ... ✅\n    manual_5 ... ✅\n    manual_6 ... ✅\n    manual_7 ... ✅\n    manual_8 ... ✅\n  abort\n    inv_0 ... ✅\n    manual_1 ... ✅\n    manual_2 ... ✅\n    manual_3 ... ✅\n    manual_4 ... ✅\n    manual_5 ... ✅\n    manual_6 ... ✅\n    manual_7 ... ✅\n    manual_8 ... ✅",
   "level": "info"},
  {"message":
   "VeilProtocols/TwoPhaseCommit.lean:100:0: Trusting the SMT solver for 72 theorems.",
   "level": "warning"}],
 "inputs":
 [["VeilProtocols.TwoPhaseCommit:deps",
   [["deps",
     [["«invariant-search»/VeilProtocols:extraDep",
       [["@«invariant-search»:extraDep", "1723"]]],
      ["imports",
       [["Veil transitive imports (legacy)", "16281931354783904681"],
        ["Veil:importAllArts", "10839920740007350228"]]]]],
    ["libs",
     [["import dynlibs",
       [["/Users/swang/Princeton/Courses/cos516/cos516-final-project/Lean/.lake/packages/auto/.lake/build/lib/libAuto.dylib",
         "743234452361001229"],
        ["/Users/swang/Princeton/Courses/cos516/cos516-final-project/Lean/.lake/packages/veil/.lake/build/lib/libVeil.dylib",
         "6286617719688148988"],
        ["/Users/swang/Princeton/Courses/cos516/cos516-final-project/Lean/.lake/packages/cvc5/.lake/build/lib/libcvc5.dylib",
         "13795661702566004779"]]],
      ["package external libraries", "1723"],
      ["module dynlibs", "1723"],
      ["module plugins", "1723"]]]]],
  ["Lean 4.23.0, commit 50aaf682e9b74ab92880292a25c68baa1cc81c87",
   "5786258275165720599"],
  ["/Users/swang/Princeton/Courses/cos516/cos516-final-project/Lean/VeilProtocols/TwoPhaseCommit.lean",
   "16122322251730183927"],
  ["options", "1723"],
  ["Module.leanArgs: #[]", "1723"]],
 "depHash": "15454629256015867637"}