{"synthetic": false,
 "outputs":
 {"o": ["1144414469627149132"],
  "i": "2499349403657616213",
  "c": "3412118835612970615"},
 "log":
 [{"message":
   ".> LEAN_PATH=/Users/swang/Princeton/Courses/cos516/cos516-final-project/Lean/.lake/packages/Cli/.lake/build/lib/lean:/Users/swang/Princeton/Courses/cos516/cos516-final-project/Lean/.lake/packages/batteries/.lake/build/lib/lean:/Users/swang/Princeton/Courses/cos516/cos516-final-project/Lean/.lake/packages/Qq/.lake/build/lib/lean:/Users/swang/Princeton/Courses/cos516/cos516-final-project/Lean/.lake/packages/aesop/.lake/build/lib/lean:/Users/swang/Princeton/Courses/cos516/cos516-final-project/Lean/.lake/packages/proofwidgets/.lake/build/lib/lean:/Users/swang/Princeton/Courses/cos516/cos516-final-project/Lean/.lake/packages/importGraph/.lake/build/lib/lean:/Users/swang/Princeton/Courses/cos516/cos516-final-project/Lean/.lake/packages/LeanSearchClient/.lake/build/lib/lean:/Users/swang/Princeton/Courses/cos516/cos516-final-project/Lean/.lake/packages/plausible/.lake/build/lib/lean:/Users/swang/Princeton/Courses/cos516/cos516-final-project/Lean/.lake/packages/cvc5/.lake/build/lib/lean:/Users/swang/Princeton/Courses/cos516/cos516-final-project/Lean/.lake/packages/mathlib/.lake/build/lib/lean:/Users/swang/Princeton/Courses/cos516/cos516-final-project/Lean/.lake/packages/auto/.lake/build/lib/lean:/Users/swang/Princeton/Courses/cos516/cos516-final-project/Lean/.lake/packages/smt/.lake/build/lib/lean:/Users/swang/Princeton/Courses/cos516/cos516-final-project/Lean/.lake/packages/veil/.lake/build/lib/lean:/Users/swang/Princeton/Courses/cos516/cos516-final-project/Lean/.lake/build/lib/lean /Users/swang/.elan/toolchains/leanprover--lean4---v4.23.0/bin/lean /Users/swang/Princeton/Courses/cos516/cos516-final-project/Lean/InvariantSearch.lean -o /Users/swang/Princeton/Courses/cos516/cos516-final-project/Lean/.lake/build/lib/lean/InvariantSearch.olean -i /Users/swang/Princeton/Courses/cos516/cos516-final-project/Lean/.lake/build/lib/lean/InvariantSearch.ilean -c /Users/swang/Princeton/Courses/cos516/cos516-final-project/Lean/.lake/build/ir/InvariantSearch.c --setup /Users/swang/Princeton/Courses/cos516/cos516-final-project/Lean/.lake/build/ir/InvariantSearch.setup.json --json",
   "level": "trace"}],
 "inputs":
 [["InvariantSearch:deps",
   [["deps",
     [["«invariant-search»/InvariantSearch:extraDep",
       [["@«invariant-search»:extraDep", "1723"]]],
      ["imports",
       [["VeilProtocols.Ring transitive imports (legacy)",
         "13407513586751866651"],
        ["VeilProtocols.Ring:importAllArts", "239963161243208480"],
        ["VeilProtocols.TwoPhaseCommit transitive imports (legacy)",
         "13407513586751866651"],
        ["VeilProtocols.TwoPhaseCommit:importAllArts", "4855419821208343286"],
        ["InvariantSearch.Grammar transitive imports (legacy)",
         "13407513586751866651"],
        ["InvariantSearch.Grammar:importAllArts", "18407831840557258289"]]]]],
    ["libs",
     [["import dynlibs",
       [["/Users/swang/Princeton/Courses/cos516/cos516-final-project/Lean/.lake/packages/auto/.lake/build/lib/libAuto.dylib",
         "743234452361001229"],
        ["/Users/swang/Princeton/Courses/cos516/cos516-final-project/Lean/.lake/packages/veil/.lake/build/lib/libVeil.dylib",
         "6286617719688148988"],
        ["/Users/swang/Princeton/Courses/cos516/cos516-final-project/Lean/.lake/packages/cvc5/.lake/build/lib/libcvc5.dylib",
         "13795661702566004779"]]],
      ["package external libraries", "1723"],
      ["module dynlibs", "1723"],
      ["module plugins", "1723"]]]]],
  ["Lean 4.23.0, commit 50aaf682e9b74ab92880292a25c68baa1cc81c87",
   "5786258275165720599"],
  ["/Users/swang/Princeton/Courses/cos516/cos516-final-project/Lean/InvariantSearch.lean",
   "16112033502983556024"],
  ["options", "1723"],
  ["Module.leanArgs: #[]", "1723"]],
 "depHash": "11049341921500465110"}